2020-02-11 15:30:11 INFO  SecurityConfig:33 - Configuration complete
2020-02-11 16:02:53 INFO  SecurityConfig:33 - Configuration complete
2020-02-11 16:15:04 INFO  SecurityConfig:33 - Configuration complete
2020-02-11 16:17:49 INFO  SecurityConfig:33 - Configuration complete
2020-02-13 21:34:52 INFO  SecurityConfig:33 - Configuration complete
2020-02-15 11:20:12 INFO  SecurityConfig:33 - Configuration complete
2020-02-15 11:28:58 INFO  SecurityConfig:33 - Configuration complete
2020-02-15 11:39:05 INFO  SecurityConfig:33 - Configuration complete
2020-02-15 11:39:33 WARN  SqlExceptionHelper:137 - SQL Error: 1064, SQLState: 42000
2020-02-15 11:39:33 ERROR SqlExceptionHelper:142 - You have an error in your SQL syntax; check the manual that corresponds to your MySQL server version for the right syntax to use near ')' at line 1
2020-02-15 11:39:50 WARN  SqlExceptionHelper:137 - SQL Error: 1064, SQLState: 42000
2020-02-15 11:39:50 ERROR SqlExceptionHelper:142 - You have an error in your SQL syntax; check the manual that corresponds to your MySQL server version for the right syntax to use near ')' at line 1
2020-02-15 11:40:55 WARN  SqlExceptionHelper:137 - SQL Error: 1064, SQLState: 42000
2020-02-15 11:40:55 ERROR SqlExceptionHelper:142 - You have an error in your SQL syntax; check the manual that corresponds to your MySQL server version for the right syntax to use near ')' at line 1
2020-02-15 11:41:50 INFO  SecurityConfig:33 - Configuration complete
2020-02-15 11:42:12 WARN  SqlExceptionHelper:137 - SQL Error: 1064, SQLState: 42000
2020-02-15 11:42:12 ERROR SqlExceptionHelper:142 - You have an error in your SQL syntax; check the manual that corresponds to your MySQL server version for the right syntax to use near ')' at line 1
2020-02-15 11:44:06 INFO  SecurityConfig:33 - Configuration complete
2020-02-15 11:46:50 INFO  SecurityConfig:33 - Configuration complete
2020-02-15 11:47:16 WARN  SqlExceptionHelper:137 - SQL Error: 1064, SQLState: 42000
2020-02-15 11:47:16 ERROR SqlExceptionHelper:142 - You have an error in your SQL syntax; check the manual that corresponds to your MySQL server version for the right syntax to use near ')' at line 1
2020-02-15 11:48:53 INFO  SecurityConfig:33 - Configuration complete
2020-02-15 11:49:12 WARN  SqlExceptionHelper:137 - SQL Error: 1064, SQLState: 42000
2020-02-15 11:49:12 ERROR SqlExceptionHelper:142 - You have an error in your SQL syntax; check the manual that corresponds to your MySQL server version for the right syntax to use near ')' at line 1
2020-02-15 11:56:47 INFO  SecurityConfig:33 - Configuration complete
2020-02-15 12:00:16 WARN  SqlExceptionHelper:137 - SQL Error: 1064, SQLState: 42000
2020-02-15 12:00:16 ERROR SqlExceptionHelper:142 - You have an error in your SQL syntax; check the manual that corresponds to your MySQL server version for the right syntax to use near ')' at line 1
2020-02-15 12:02:27 INFO  SecurityConfig:33 - Configuration complete
2020-02-15 12:03:07 WARN  SqlExceptionHelper:137 - SQL Error: 1064, SQLState: 42000
2020-02-15 12:03:07 ERROR SqlExceptionHelper:142 - You have an error in your SQL syntax; check the manual that corresponds to your MySQL server version for the right syntax to use near ')' at line 1
2020-02-15 18:09:56 INFO  SecurityConfig:33 - Configuration complete
2020-02-15 18:15:12 INFO  SecurityConfig:33 - Configuration complete
2020-02-15 18:24:23 INFO  SecurityConfig:33 - Configuration complete
2020-02-15 18:41:27 INFO  SecurityConfig:33 - Configuration complete
2020-02-15 19:11:46 INFO  SecurityConfig:33 - Configuration complete
2020-02-15 19:20:46 INFO  SecurityConfig:33 - Configuration complete
2020-02-15 19:26:08 INFO  SecurityConfig:33 - Configuration complete
2020-02-15 19:29:50 INFO  SecurityConfig:33 - Configuration complete
2020-02-15 19:31:25 INFO  SecurityConfig:33 - Configuration complete
2020-02-16 10:24:03 INFO  SecurityConfig:33 - Configuration complete
2020-02-16 10:37:25 INFO  SecurityConfig:33 - Configuration complete
2020-02-16 10:47:18 INFO  SecurityConfig:33 - Configuration complete
2020-02-16 10:52:00 INFO  SecurityConfig:33 - Configuration complete
2020-02-16 10:54:55 INFO  SecurityConfig:33 - Configuration complete
2020-02-16 11:20:07 INFO  SecurityConfig:33 - Configuration complete
2020-02-16 12:37:09 INFO  SecurityConfig:33 - Configuration complete
2020-02-16 12:38:01 INFO  SecurityConfig:33 - Configuration complete
2020-02-16 13:22:44 INFO  SecurityConfig:33 - Configuration complete
2020-02-16 13:23:46 INFO  SecurityConfig:33 - Configuration complete
2020-02-16 13:27:43 INFO  SecurityConfig:33 - Configuration complete
2020-02-16 17:02:43 INFO  SecurityConfig:33 - Configuration complete
2020-02-21 10:48:23 INFO  SecurityConfig:33 - Configuration complete
2020-02-21 11:25:06 INFO  SecurityConfig:33 - Configuration complete
2020-02-21 11:27:56 WARN  AnnotationConfigWebApplicationContext:550 - Exception encountered during context initialization - cancelling refresh attempt: org.springframework.beans.factory.BeanCreationException: Error creating bean with name 'entityManagerFactory' defined in class path resource [com/increff/employee/spring/DbConfig.class]: Invocation of init method failed; nested exception is javax.persistence.PersistenceException: [PersistenceUnit: default] Unable to build Hibernate SessionFactory
2020-02-21 11:27:56 ERROR DispatcherServlet:502 - Context initialization failed
org.springframework.beans.factory.BeanCreationException: Error creating bean with name 'entityManagerFactory' defined in class path resource [com/increff/employee/spring/DbConfig.class]: Invocation of init method failed; nested exception is javax.persistence.PersistenceException: [PersistenceUnit: default] Unable to build Hibernate SessionFactory
	at org.springframework.beans.factory.support.AbstractAutowireCapableBeanFactory.initializeBean(AbstractAutowireCapableBeanFactory.java:1628)
	at org.springframework.beans.factory.support.AbstractAutowireCapableBeanFactory.doCreateBean(AbstractAutowireCapableBeanFactory.java:555)
	at org.springframework.beans.factory.support.AbstractAutowireCapableBeanFactory.createBean(AbstractAutowireCapableBeanFactory.java:483)
	at org.springframework.beans.factory.support.AbstractBeanFactory$1.getObject(AbstractBeanFactory.java:306)
	at org.springframework.beans.factory.support.DefaultSingletonBeanRegistry.getSingleton(DefaultSingletonBeanRegistry.java:230)
	at org.springframework.beans.factory.support.AbstractBeanFactory.doGetBean(AbstractBeanFactory.java:302)
	at org.springframework.beans.factory.support.AbstractBeanFactory.getBean(AbstractBeanFactory.java:197)
	at org.springframework.context.support.AbstractApplicationContext.getBean(AbstractApplicationContext.java:1081)
	at org.springframework.context.support.AbstractApplicationContext.finishBeanFactoryInitialization(AbstractApplicationContext.java:856)
	at org.springframework.context.support.AbstractApplicationContext.refresh(AbstractApplicationContext.java:542)
	at org.springframework.web.servlet.FrameworkServlet.configureAndRefreshWebApplicationContext(FrameworkServlet.java:668)
	at org.springframework.web.servlet.FrameworkServlet.initWebApplicationContext(FrameworkServlet.java:540)
	at org.springframework.web.servlet.FrameworkServlet.initServletBean(FrameworkServlet.java:494)
	at org.springframework.web.servlet.HttpServletBean.init(HttpServletBean.java:136)
	at javax.servlet.GenericServlet.init(GenericServlet.java:244)
	at org.eclipse.jetty.servlet.ServletHolder.initServlet(ServletHolder.java:599)
	at org.eclipse.jetty.servlet.ServletHolder.initialize(ServletHolder.java:425)
	at org.eclipse.jetty.servlet.ServletHandler.lambda$initialize$0(ServletHandler.java:751)
	at java.base/java.util.stream.SortedOps$SizedRefSortingSink.end(SortedOps.java:357)
	at java.base/java.util.stream.AbstractPipeline.copyInto(AbstractPipeline.java:485)
	at java.base/java.util.stream.AbstractPipeline.wrapAndCopyInto(AbstractPipeline.java:474)
	at java.base/java.util.stream.StreamSpliterators$WrappingSpliterator.forEachRemaining(StreamSpliterators.java:312)
	at java.base/java.util.stream.Streams$ConcatSpliterator.forEachRemaining(Streams.java:735)
	at java.base/java.util.stream.Streams$ConcatSpliterator.forEachRemaining(Streams.java:734)
	at java.base/java.util.stream.ReferencePipeline$Head.forEach(ReferencePipeline.java:658)
	at org.eclipse.jetty.servlet.ServletHandler.initialize(ServletHandler.java:744)
	at org.eclipse.jetty.servlet.ServletContextHandler.startContext(ServletContextHandler.java:361)
	at org.eclipse.jetty.webapp.WebAppContext.startWebapp(WebAppContext.java:1443)
	at org.eclipse.jetty.maven.plugin.JettyWebAppContext.startWebapp(JettyWebAppContext.java:328)
	at org.eclipse.jetty.webapp.WebAppContext.startContext(WebAppContext.java:1407)
	at org.eclipse.jetty.server.handler.ContextHandler.doStart(ContextHandler.java:821)
	at org.eclipse.jetty.servlet.ServletContextHandler.doStart(ServletContextHandler.java:276)
	at org.eclipse.jetty.webapp.WebAppContext.doStart(WebAppContext.java:524)
	at org.eclipse.jetty.maven.plugin.JettyWebAppContext.doStart(JettyWebAppContext.java:397)
	at org.eclipse.jetty.util.component.AbstractLifeCycle.start(AbstractLifeCycle.java:72)
	at org.eclipse.jetty.maven.plugin.JettyRunMojo.restartWebApp(JettyRunMojo.java:513)
	at org.eclipse.jetty.maven.plugin.JettyRunMojo$1.onPathWatchEvents(JettyRunMojo.java:357)
	at org.eclipse.jetty.util.PathWatcher.notifyEvents(PathWatcher.java:1342)
	at org.eclipse.jetty.util.PathWatcher.run(PathWatcher.java:1169)
	at java.base/java.lang.Thread.run(Thread.java:830)
Caused by: javax.persistence.PersistenceException: [PersistenceUnit: default] Unable to build Hibernate SessionFactory
	at org.hibernate.jpa.boot.internal.EntityManagerFactoryBuilderImpl.persistenceException(EntityManagerFactoryBuilderImpl.java:1015)
	at org.hibernate.jpa.boot.internal.EntityManagerFactoryBuilderImpl.build(EntityManagerFactoryBuilderImpl.java:941)
	at org.springframework.orm.jpa.vendor.SpringHibernateJpaPersistenceProvider.createContainerEntityManagerFactory(SpringHibernateJpaPersistenceProvider.java:60)
	at org.springframework.orm.jpa.LocalContainerEntityManagerFactoryBean.createNativeEntityManagerFactory(LocalContainerEntityManagerFactoryBean.java:353)
	at org.springframework.orm.jpa.AbstractEntityManagerFactoryBean.buildNativeEntityManagerFactory(AbstractEntityManagerFactoryBean.java:373)
	at org.springframework.orm.jpa.AbstractEntityManagerFactoryBean.afterPropertiesSet(AbstractEntityManagerFactoryBean.java:362)
	at org.springframework.beans.factory.support.AbstractAutowireCapableBeanFactory.invokeInitMethods(AbstractAutowireCapableBeanFactory.java:1687)
	at org.springframework.beans.factory.support.AbstractAutowireCapableBeanFactory.initializeBean(AbstractAutowireCapableBeanFactory.java:1624)
	... 39 more
Caused by: org.hibernate.MappingException: Repeated column in mapping for entity: com.increff.employee.pojo.ProductMasterPojo column: id (should be mapped with insert="false" update="false")
	at org.hibernate.mapping.PersistentClass.checkColumnDuplication(PersistentClass.java:862)
	at org.hibernate.mapping.PersistentClass.checkPropertyColumnDuplication(PersistentClass.java:880)
	at org.hibernate.mapping.PersistentClass.checkColumnDuplication(PersistentClass.java:902)
	at org.hibernate.mapping.PersistentClass.validate(PersistentClass.java:634)
	at org.hibernate.mapping.RootClass.validate(RootClass.java:267)
	at org.hibernate.boot.internal.MetadataImpl.validate(MetadataImpl.java:343)
	at org.hibernate.boot.internal.SessionFactoryBuilderImpl.build(SessionFactoryBuilderImpl.java:461)
	at org.hibernate.jpa.boot.internal.EntityManagerFactoryBuilderImpl.build(EntityManagerFactoryBuilderImpl.java:938)
	... 45 more
2020-02-21 11:31:30 INFO  SecurityConfig:33 - Configuration complete
2020-02-21 11:37:11 INFO  SecurityConfig:33 - Configuration complete
2020-02-21 11:51:41 INFO  SecurityConfig:33 - Configuration complete
2020-02-21 11:54:11 INFO  SecurityConfig:33 - Configuration complete
2020-02-21 12:04:08 WARN  SqlExceptionHelper:137 - SQL Error: 1451, SQLState: 23000
2020-02-21 12:04:08 ERROR SqlExceptionHelper:142 - Cannot delete or update a parent row: a foreign key constraint fails (`pos`.`productmasterpojo`, CONSTRAINT `FK7l7o7a0vo24d716x2jkp7cisl` FOREIGN KEY (`brand_category`) REFERENCES `brandmasterpojo` (`id`))
2020-02-21 12:04:28 WARN  SqlExceptionHelper:137 - SQL Error: 1451, SQLState: 23000
2020-02-21 12:04:28 ERROR SqlExceptionHelper:142 - Cannot delete or update a parent row: a foreign key constraint fails (`pos`.`productmasterpojo`, CONSTRAINT `FK7l7o7a0vo24d716x2jkp7cisl` FOREIGN KEY (`brand_category`) REFERENCES `brandmasterpojo` (`id`))
2020-02-21 12:04:33 WARN  SqlExceptionHelper:137 - SQL Error: 1451, SQLState: 23000
2020-02-21 12:04:33 ERROR SqlExceptionHelper:142 - Cannot delete or update a parent row: a foreign key constraint fails (`pos`.`productmasterpojo`, CONSTRAINT `FK7l7o7a0vo24d716x2jkp7cisl` FOREIGN KEY (`brand_category`) REFERENCES `brandmasterpojo` (`id`))
2020-02-21 12:17:16 WARN  SqlExceptionHelper:137 - SQL Error: 1451, SQLState: 23000
2020-02-21 12:17:16 ERROR SqlExceptionHelper:142 - Cannot delete or update a parent row: a foreign key constraint fails (`pos`.`productmasterpojo`, CONSTRAINT `FK7l7o7a0vo24d716x2jkp7cisl` FOREIGN KEY (`brand_category`) REFERENCES `brandmasterpojo` (`id`))
2020-02-21 12:22:59 INFO  SecurityConfig:33 - Configuration complete
2020-02-21 12:56:10 WARN  SqlExceptionHelper:137 - SQL Error: 1451, SQLState: 23000
2020-02-21 12:56:10 ERROR SqlExceptionHelper:142 - Cannot delete or update a parent row: a foreign key constraint fails (`pos`.`productmasterpojo`, CONSTRAINT `FK7l7o7a0vo24d716x2jkp7cisl` FOREIGN KEY (`brand_category`) REFERENCES `brandmasterpojo` (`id`))
2020-02-21 12:58:43 INFO  SecurityConfig:33 - Configuration complete
2020-02-21 12:59:04 WARN  SqlExceptionHelper:137 - SQL Error: 1451, SQLState: 23000
2020-02-21 12:59:04 ERROR SqlExceptionHelper:142 - Cannot delete or update a parent row: a foreign key constraint fails (`pos`.`productmasterpojo`, CONSTRAINT `FK7l7o7a0vo24d716x2jkp7cisl` FOREIGN KEY (`brand_category`) REFERENCES `brandmasterpojo` (`id`))
2020-02-21 12:59:12 WARN  SqlExceptionHelper:137 - SQL Error: 1451, SQLState: 23000
2020-02-21 12:59:12 ERROR SqlExceptionHelper:142 - Cannot delete or update a parent row: a foreign key constraint fails (`pos`.`productmasterpojo`, CONSTRAINT `FK7l7o7a0vo24d716x2jkp7cisl` FOREIGN KEY (`brand_category`) REFERENCES `brandmasterpojo` (`id`))
2020-02-21 13:00:28 INFO  SecurityConfig:33 - Configuration complete
2020-02-21 13:01:05 WARN  SqlExceptionHelper:137 - SQL Error: 1451, SQLState: 23000
2020-02-21 13:01:05 ERROR SqlExceptionHelper:142 - Cannot delete or update a parent row: a foreign key constraint fails (`pos`.`productmasterpojo`, CONSTRAINT `FK7l7o7a0vo24d716x2jkp7cisl` FOREIGN KEY (`brand_category`) REFERENCES `brandmasterpojo` (`id`))
2020-02-21 13:03:49 INFO  SecurityConfig:33 - Configuration complete
2020-02-21 13:10:19 INFO  SecurityConfig:33 - Configuration complete
2020-02-21 13:10:55 WARN  SqlExceptionHelper:137 - SQL Error: 1451, SQLState: 23000
2020-02-21 13:10:55 ERROR SqlExceptionHelper:142 - Cannot delete or update a parent row: a foreign key constraint fails (`pos`.`productmasterpojo`, CONSTRAINT `FK7l7o7a0vo24d716x2jkp7cisl` FOREIGN KEY (`brand_category`) REFERENCES `brandmasterpojo` (`id`))
2020-02-21 13:31:51 INFO  SecurityConfig:33 - Configuration complete
2020-02-21 13:33:10 INFO  SecurityConfig:33 - Configuration complete
2020-02-21 16:38:47 INFO  SecurityConfig:33 - Configuration complete
2020-02-21 16:42:16 WARN  SqlExceptionHelper:137 - SQL Error: 1451, SQLState: 23000
2020-02-21 16:42:16 ERROR SqlExceptionHelper:142 - Cannot delete or update a parent row: a foreign key constraint fails (`pos`.`inventorypojo`, CONSTRAINT `FKppovj410hifv9gb5h4wwpc1i8` FOREIGN KEY (`productId`) REFERENCES `productmasterpojo` (`id`))
2020-02-21 16:43:35 INFO  SecurityConfig:33 - Configuration complete
2020-02-21 16:47:26 WARN  SqlExceptionHelper:137 - SQL Error: 1451, SQLState: 23000
2020-02-21 16:47:26 ERROR SqlExceptionHelper:142 - Cannot delete or update a parent row: a foreign key constraint fails (`pos`.`productmasterpojo`, CONSTRAINT `FK7l7o7a0vo24d716x2jkp7cisl` FOREIGN KEY (`brand_category`) REFERENCES `brandmasterpojo` (`id`))
2020-02-21 16:47:29 WARN  SqlExceptionHelper:137 - SQL Error: 1451, SQLState: 23000
2020-02-21 16:47:29 ERROR SqlExceptionHelper:142 - Cannot delete or update a parent row: a foreign key constraint fails (`pos`.`productmasterpojo`, CONSTRAINT `FK7l7o7a0vo24d716x2jkp7cisl` FOREIGN KEY (`brand_category`) REFERENCES `brandmasterpojo` (`id`))
2020-02-21 16:47:32 WARN  SqlExceptionHelper:137 - SQL Error: 1451, SQLState: 23000
2020-02-21 16:47:32 ERROR SqlExceptionHelper:142 - Cannot delete or update a parent row: a foreign key constraint fails (`pos`.`productmasterpojo`, CONSTRAINT `FK7l7o7a0vo24d716x2jkp7cisl` FOREIGN KEY (`brand_category`) REFERENCES `brandmasterpojo` (`id`))
2020-02-21 16:52:25 WARN  SqlExceptionHelper:137 - SQL Error: 1451, SQLState: 23000
2020-02-21 16:52:25 ERROR SqlExceptionHelper:142 - Cannot delete or update a parent row: a foreign key constraint fails (`pos`.`orderitempojo`, CONSTRAINT `FKh6c67fe7ao01x0nqop0ra8ltp` FOREIGN KEY (`orderId`) REFERENCES `orderpojo` (`id`))
2020-02-21 16:58:59 INFO  SecurityConfig:33 - Configuration complete
2020-02-21 17:01:13 WARN  SqlExceptionHelper:137 - SQL Error: 1451, SQLState: 23000
2020-02-21 17:01:13 ERROR SqlExceptionHelper:142 - Cannot delete or update a parent row: a foreign key constraint fails (`pos`.`orderitempojo`, CONSTRAINT `FK7eu19snfgqte3ajhn32usfci8` FOREIGN KEY (`productId`) REFERENCES `productmasterpojo` (`id`))
2020-02-21 17:01:23 WARN  SqlExceptionHelper:137 - SQL Error: 1451, SQLState: 23000
2020-02-21 17:01:23 ERROR SqlExceptionHelper:142 - Cannot delete or update a parent row: a foreign key constraint fails (`pos`.`orderitempojo`, CONSTRAINT `FK7eu19snfgqte3ajhn32usfci8` FOREIGN KEY (`productId`) REFERENCES `productmasterpojo` (`id`))
2020-02-21 17:01:26 WARN  SqlExceptionHelper:137 - SQL Error: 1451, SQLState: 23000
2020-02-21 17:01:26 ERROR SqlExceptionHelper:142 - Cannot delete or update a parent row: a foreign key constraint fails (`pos`.`orderitempojo`, CONSTRAINT `FK7eu19snfgqte3ajhn32usfci8` FOREIGN KEY (`productId`) REFERENCES `productmasterpojo` (`id`))
2020-02-21 17:05:04 WARN  SqlExceptionHelper:137 - SQL Error: 1451, SQLState: 23000
2020-02-21 17:05:04 ERROR SqlExceptionHelper:142 - Cannot delete or update a parent row: a foreign key constraint fails (`pos`.`orderitempojo`, CONSTRAINT `FK7eu19snfgqte3ajhn32usfci8` FOREIGN KEY (`productId`) REFERENCES `productmasterpojo` (`id`))
2020-02-21 17:09:33 INFO  SecurityConfig:33 - Configuration complete
2020-02-21 17:14:18 INFO  SecurityConfig:33 - Configuration complete
2020-02-22 13:39:07 INFO  SecurityConfig:33 - Configuration complete
2020-02-22 13:48:05 INFO  SecurityConfig:33 - Configuration complete
2020-02-22 14:14:07 INFO  SecurityConfig:33 - Configuration complete
2020-02-22 14:17:05 INFO  SecurityConfig:33 - Configuration complete
2020-02-22 14:21:33 INFO  SecurityConfig:33 - Configuration complete
2020-02-22 14:28:45 INFO  SecurityConfig:33 - Configuration complete
2020-02-22 14:55:48 INFO  SecurityConfig:33 - Configuration complete
2020-02-22 15:01:43 INFO  SecurityConfig:33 - Configuration complete
2020-02-22 15:06:01 INFO  SecurityConfig:33 - Configuration complete
2020-02-22 15:08:28 INFO  SecurityConfig:33 - Configuration complete
2020-02-22 15:11:40 INFO  SecurityConfig:33 - Configuration complete
2020-02-22 15:14:01 INFO  SecurityConfig:33 - Configuration complete
2020-02-22 15:15:23 INFO  SecurityConfig:33 - Configuration complete
2020-02-22 16:31:00 INFO  SecurityConfig:33 - Configuration complete
2020-02-22 16:49:12 INFO  SecurityConfig:33 - Configuration complete
2020-02-22 17:00:08 INFO  SecurityConfig:33 - Configuration complete
2020-02-22 17:04:02 INFO  SecurityConfig:33 - Configuration complete
2020-02-22 17:07:25 INFO  SecurityConfig:33 - Configuration complete
2020-02-22 17:11:23 INFO  SecurityConfig:33 - Configuration complete
2020-02-22 17:21:45 INFO  SecurityConfig:33 - Configuration complete
2020-02-22 17:25:43 INFO  SecurityConfig:33 - Configuration complete
2020-03-14 12:05:27 INFO  SecurityConfig:33 - Configuration complete
2020-03-14 12:07:52 INFO  SecurityConfig:33 - Configuration complete
2020-03-14 12:21:08 INFO  SecurityConfig:33 - Configuration complete
2020-03-14 12:22:53 INFO  SecurityConfig:33 - Configuration complete
2020-03-14 12:24:38 INFO  SecurityConfig:33 - Configuration complete
2020-03-14 12:28:20 INFO  SecurityConfig:33 - Configuration complete
2020-03-14 12:29:48 INFO  SecurityConfig:33 - Configuration complete
2020-03-14 12:30:14 INFO  SecurityConfig:33 - Configuration complete
2020-03-14 14:02:18 INFO  SecurityConfig:33 - Configuration complete
2020-03-14 14:05:26 INFO  SecurityConfig:33 - Configuration complete
2020-03-14 14:25:08 INFO  SecurityConfig:33 - Configuration complete
2020-03-14 14:57:05 INFO  SecurityConfig:33 - Configuration complete
2020-03-14 15:00:28 INFO  SecurityConfig:33 - Configuration complete
2020-03-14 15:01:07 INFO  SecurityConfig:33 - Configuration complete
2020-03-14 15:01:33 INFO  SecurityConfig:33 - Configuration complete
2020-03-14 15:13:48 INFO  SecurityConfig:33 - Configuration complete
2020-03-14 15:16:25 INFO  SecurityConfig:33 - Configuration complete
2020-03-14 15:17:21 INFO  SecurityConfig:33 - Configuration complete
2020-03-14 15:18:18 INFO  SecurityConfig:33 - Configuration complete
2020-03-14 15:19:22 INFO  SecurityConfig:33 - Configuration complete
2020-03-14 15:22:13 WARN  SqlExceptionHelper:137 - SQL Error: 1451, SQLState: 23000
2020-03-14 15:22:13 ERROR SqlExceptionHelper:142 - Cannot delete or update a parent row: a foreign key constraint fails (`pos`.`orderitempojo`, CONSTRAINT `FKh6c67fe7ao01x0nqop0ra8ltp` FOREIGN KEY (`orderId`) REFERENCES `orderpojo` (`id`))
2020-03-14 15:24:38 INFO  SecurityConfig:33 - Configuration complete
2020-03-14 15:32:31 INFO  SecurityConfig:33 - Configuration complete
2020-03-14 15:37:24 INFO  SecurityConfig:33 - Configuration complete
2020-03-14 15:39:34 INFO  SecurityConfig:33 - Configuration complete
2020-03-14 15:41:20 INFO  SecurityConfig:33 - Configuration complete
2020-03-14 15:44:18 INFO  SecurityConfig:33 - Configuration complete
2020-03-14 15:44:48 INFO  SecurityConfig:33 - Configuration complete
2020-03-14 15:45:40 INFO  SecurityConfig:33 - Configuration complete
2020-03-14 15:51:36 INFO  SecurityConfig:33 - Configuration complete
2020-03-14 15:55:58 INFO  SecurityConfig:33 - Configuration complete
2020-03-14 15:56:58 INFO  SecurityConfig:33 - Configuration complete
2020-03-14 15:57:18 INFO  SecurityConfig:33 - Configuration complete
2020-03-14 16:16:51 INFO  SecurityConfig:33 - Configuration complete
2020-03-14 16:17:36 INFO  SecurityConfig:33 - Configuration complete
2020-03-14 18:35:09 INFO  SecurityConfig:33 - Configuration complete
2020-03-14 18:40:30 INFO  SecurityConfig:33 - Configuration complete
2020-03-14 18:41:34 INFO  SecurityConfig:33 - Configuration complete
2020-03-14 20:25:40 INFO  SecurityConfig:33 - Configuration complete
2020-03-14 20:25:59 INFO  SecurityConfig:33 - Configuration complete
